<?xml version="1.0" encoding="UTF-8"?>
<!-- Generated by org.testng.reporters.JUnitReportReporter -->
<testsuite skipped="0" hostname="DESKTOP-EFQ590V" name="com.norbert.maven.myMavenProject.AppTest" tests="2" failures="0" timestamp="18 lip 2017 17:14:39 GMT" time="13.085" errors="0">
  <testcase name="testApp" time="10.555" classname="com.norbert.maven.myMavenProject.AppTest"/>
  <testcase name="setBrowser" time="2.530" classname="com.norbert.maven.myMavenProject.AppTest"/>
</testsuite> <!-- com.norbert.maven.myMavenProject.AppTest -->
